Watching for file changes with StatReloader
Watching for file changes with StatReloader
Watching for file changes with StatReloader
Watching for file changes with StatReloader
Watching for file changes with StatReloader
Watching for file changes with StatReloader
Watching for file changes with StatReloader
Watching for file changes with StatReloader
Watching for file changes with StatReloader
Watching for file changes with StatReloader
Watching for file changes with StatReloader
Watching for file changes with StatReloader
D:\Users\audist\PycharmProjects\mift_backend\mift_backend\settings.py changed, reloading.
D:\Users\audist\PycharmProjects\mift_backend\mift_backend\settings.py changed, reloading.
Watching for file changes with StatReloader
Watching for file changes with StatReloader
Watching for file changes with StatReloader
Watching for file changes with StatReloader
D:\Users\audist\PycharmProjects\mift_backend\mift_backend\settings.py changed, reloading.
D:\Users\audist\PycharmProjects\mift_backend\mift_backend\settings.py changed, reloading.
Watching for file changes with StatReloader
Watching for file changes with StatReloader
D:\Users\audist\PycharmProjects\mift_backend\mift_backend\settings.py changed, reloading.
D:\Users\audist\PycharmProjects\mift_backend\mift_backend\settings.py changed, reloading.
Watching for file changes with StatReloader
Watching for file changes with StatReloader
Watching for file changes with StatReloader
Watching for file changes with StatReloader
Watching for file changes with StatReloader
Watching for file changes with StatReloader
"GET / HTTP/1.1" 200 2219
"GET / HTTP/1.1" 200 2219
"GET /static/drf-yasg/style.css HTTP/1.1" 200 1047
"GET /static/drf-yasg/style.css HTTP/1.1" 200 1047
"GET /static/drf-yasg/url-polyfill.min.js HTTP/1.1" 200 6092
"GET /static/drf-yasg/url-polyfill.min.js HTTP/1.1" 200 6092
"GET /static/drf-yasg/swagger-ui-init.js HTTP/1.1" 200 14715
"GET /static/drf-yasg/swagger-ui-init.js HTTP/1.1" 200 14715
"GET /static/drf-yasg/insQ.min.js HTTP/1.1" 200 2093
"GET /static/drf-yasg/insQ.min.js HTTP/1.1" 200 2093
"GET /static/drf-yasg/swagger-ui-dist/swagger-ui-standalone-preset.js HTTP/1.1" 200 329649
"GET /static/drf-yasg/swagger-ui-dist/swagger-ui-standalone-preset.js HTTP/1.1" 200 329649
"GET /static/drf-yasg/swagger-ui-dist/swagger-ui-bundle.js HTTP/1.1" 200 1038857
"GET /static/drf-yasg/swagger-ui-dist/swagger-ui-bundle.js HTTP/1.1" 200 1038857
"GET /static/drf-yasg/swagger-ui-dist/swagger-ui.css HTTP/1.1" 200 143074
"GET /static/drf-yasg/swagger-ui-dist/swagger-ui.css HTTP/1.1" 200 143074
"GET /static/drf-yasg/immutable.min.js HTTP/1.1" 200 56904
"GET /static/drf-yasg/immutable.min.js HTTP/1.1" 200 56904
"GET /?format=openapi HTTP/1.1" 200 7235
"GET /?format=openapi HTTP/1.1" 200 7235
"GET /static/drf-yasg/swagger-ui-dist/favicon-32x32.png HTTP/1.1" 200 628
"GET /static/drf-yasg/swagger-ui-dist/favicon-32x32.png HTTP/1.1" 200 628
Watching for file changes with StatReloader
Watching for file changes with StatReloader
Watching for file changes with StatReloader
Watching for file changes with StatReloader
Watching for file changes with StatReloader
Watching for file changes with StatReloader
Watching for file changes with StatReloader
Watching for file changes with StatReloader
Watching for file changes with StatReloader
Watching for file changes with StatReloader
D:\Users\audist\Documents\mift_backend\mift_backend\settings.py changed, reloading.
D:\Users\audist\Documents\mift_backend\mift_backend\settings.py changed, reloading.
